d:\documents\~~projects\gameengines4\gameengines4\debug\vc142.pdb
d:\documents\~~projects\gameengines4\gameengines4\debug\vc142.idb
d:\documents\~~projects\gameengines4\gameengines4\debug\scenegraph.obj
d:\documents\~~projects\gameengines4\gameengines4\debug\model.obj
d:\documents\~~projects\gameengines4\gameengines4\debug\mesh.obj
d:\documents\~~projects\gameengines4\gameengines4\debug\loadobjmodel.obj
d:\documents\~~projects\gameengines4\gameengines4\debug\gameobject.obj
d:\documents\~~projects\gameengines4\gameengines4\debug\component.obj
d:\documents\~~projects\gameengines4\gameengines4\debug\collisionhandler.obj
d:\documents\~~projects\gameengines4\gameengines4\debug\collisiondetection.obj
d:\documents\~~projects\gameengines4\gameengines4\debug\texturehandler.obj
d:\documents\~~projects\gameengines4\gameengines4\debug\shaderhandler.obj
d:\documents\~~projects\gameengines4\gameengines4\debug\materialhandler.obj
d:\documents\~~projects\gameengines4\gameengines4\debug\materialloader.obj
d:\documents\~~projects\gameengines4\gameengines4\debug\lightsource.obj
d:\documents\~~projects\gameengines4\gameengines4\debug\mouseeventlistener.obj
d:\documents\~~projects\gameengines4\gameengines4\debug\eventlistener.obj
d:\documents\~~projects\gameengines4\gameengines4\debug\octspatialpartition.obj
d:\documents\~~projects\gameengines4\gameengines4\debug\coreengine.obj
d:\documents\~~projects\gameengines4\gameengines4\debug\debug.obj
d:\documents\~~projects\gameengines4\gameengines4\debug\testcomponent.obj
d:\documents\~~projects\gameengines4\gameengines4\debug\camera.obj
d:\documents\~~projects\gameengines4\gameengines4\debug\timer.obj
d:\documents\~~projects\gameengines4\gameengines4\debug\window.obj
d:\documents\~~projects\gameengines4\gameengines4\debug\main.obj
d:\documents\~~projects\gameengines4\gameengines4\debug\startscene.obj
d:\documents\~~projects\gameengines4\gameengines4\debug\gamescene.obj
d:\documents\~~projects\gameengines4\gameengines4\debug\game1.obj
d:\documents\~~projects\gameengines4\debug\gameengines4ver2.exe
d:\documents\~~projects\gameengines4\debug\gameengines4ver2.ilk
d:\documents\~~projects\gameengines4\debug\gameengines4ver2.pdb
d:\documents\~~projects\gameengines4\gameengines4\debug\gameengines4ver2.tlog\cl.command.1.tlog
d:\documents\~~projects\gameengines4\gameengines4\debug\gameengines4ver2.tlog\cl.read.1.tlog
d:\documents\~~projects\gameengines4\gameengines4\debug\gameengines4ver2.tlog\cl.write.1.tlog
d:\documents\~~projects\gameengines4\gameengines4\debug\gameengines4ver2.tlog\link.command.1.tlog
d:\documents\~~projects\gameengines4\gameengines4\debug\gameengines4ver2.tlog\link.read.1.tlog
d:\documents\~~projects\gameengines4\gameengines4\debug\gameengines4ver2.tlog\link.write.1.tlog
